Njd1F0vZSm4_9
c7UH_rxdZv4_28
0h-zjBukYpk_20
TvyZBvOMOTc_4
Dg_0XKD0Mf4_16
bOL9jKpeJRs_2
HEsqda8_d0Q_14
BI97DNYfe5I_6
GWuJjcEuzt8_10
BvYR0L6f2Ig_17
8qrpnFRGt2A_19
BXuRRbG0Ugk_15
_dI--eQ6qVU_21
tStelxIAHjw_4
Ci-AH39fi3Y_14
BioHAh1qJAQ_24
BI97DNYfe5I_20
d3_k5Xpfmik_4
bvLlb-M3UXU_9
BXuRRbG0Ugk_8
tmZoasNr4rU_11
BXuRRbG0Ugk_18
Vj1wYRQjB-o_3
G-xst2euQUc_15
zhpQhgha_KU_4
Bfr499ggo-0_14
8d-gEyoeBzc_16
HEsqda8_d0Q_29
VbQk4H8hgr0_27
QN9ZIUWUXsY_7
9J25DZhivz8_5
G-xst2euQUc_18
Ci-AH39fi3Y_30
cW1FSBF59ik_18
Bfr499ggo-0_7
VCslbP0mgZI_13
cXypl4FnoZo_27
Vj1wYRQjB-o_1
G6GlGvlkxAQ_28
k5Y_838nuGo_17
Iu2PFX3z_1s_16
G6GlGvlkxAQ_26
bvLlb-M3UXU_21
etzxEpPuc6I_5
_dI--eQ6qVU_12
1iG0909rllw_3
jUzDDGyPkXU_11
bvLlb-M3UXU_4
5W7Z1C_fDaE_2
tStelxIAHjw_10
bOL9jKpeJRs_7
HEsqda8_d0Q_32
Clx4VXItLTE_16
73jzhE8R1TQ_14
lXPQBPVc5Cw_5
Qr1Ca94K55A_9
Sqr0AcuoNnk_2
OQvJTdtJ2H4_12
Dg_0XKD0Mf4_1
cM3Yna7AavY_5
7JsX8y1ysxY_36
8qrpnFRGt2A_10
POKffnXeBds_13
8d-gEyoeBzc_27
Iu2PFX3z_1s_9
BXuRRbG0Ugk_16
yDtzw_Y-7RU_7
phBUpBr1hSo_13
2WGyTLYerpo_44
0h-zjBukYpk_10
v0zCBqDeKcE_8
6_0THN4chvY_10
VbQk4H8hgr0_43
BioHAh1qJAQ_2
c7UH_rxdZv4_27
etzxEpPuc6I_9
wMbj6ajWbic_21
cM3Yna7AavY_6
9T9Hf74oK10_12
I5y0__X72p0_12
d6hH302o4v8_18
Dg_0XKD0Mf4_13
iiK8YX8oH1E_18
I5y0__X72p0_33
2iD-tVS8NPw_20
wMbj6ajWbic_12
ZUXBRvtny7o_1
d6hH302o4v8_10
VCslbP0mgZI_5
8OtFthrtaJM_9
X3j2zQgwYgE_11
73jzhE8R1TQ_16
phBUpBr1hSo_20
Af8D0E4ZXaw_3
G6GlGvlkxAQ_14
vyB00TXsimI_6
cXypl4FnoZo_22
POKffnXeBds_9
BXuRRbG0Ugk_7
OtBXNcAL_lE_10
73jzhE8R1TQ_15
HEsqda8_d0Q_7
atnd_PF-Lbs_1
atnd_PF-Lbs_21
VCslbP0mgZI_14
HEsqda8_d0Q_6
OQvJTdtJ2H4_5
k5Y_838nuGo_3
Njd1F0vZSm4_3
7JsX8y1ysxY_28
9c67fiY0wGQ_2
Jkswaaud0hk_20
c7UH_rxdZv4_9
I5y0__X72p0_11
1iG0909rllw_6
f_pcplsH_V0_1
d6hH302o4v8_30
POKffnXeBds_3
nzpVDcQ0ywM_20
bOL9jKpeJRs_24
cXypl4FnoZo_26
rnaNMUZpvvg_4
cW1FSBF59ik_6
7JsX8y1ysxY_4
jUzDDGyPkXU_18
Af8D0E4ZXaw_26
5W7Z1C_fDaE_3
Af8D0E4ZXaw_5
8d-gEyoeBzc_7
fvVhgmXxadc_6
G6GlGvlkxAQ_13
dq3Nf_lMPnE_14
wMbj6ajWbic_7
Af8D0E4ZXaw_19
aiEXnCPZubE_7
TvyZBvOMOTc_3
HEsqda8_d0Q_11
Oz06ZWiO20M_21
ob23OKe5a9Q_3
lXPQBPVc5Cw_18
9J25DZhivz8_1
lXPQBPVc5Cw_14
Qr1Ca94K55A_10
8d-gEyoeBzc_10
8d-gEyoeBzc_15
phBUpBr1hSo_16
Af8D0E4ZXaw_28
Ci-AH39fi3Y_42
8OtFthrtaJM_1
aiEXnCPZubE_12
f9O3YtZ2VfI_26
pLTX3ipuDJI_13
c5xsKMxpXnc_4
d6hH302o4v8_15
k5Y_838nuGo_12
wMbj6ajWbic_6
7JsX8y1ysxY_31
bOL9jKpeJRs_18
tmZoasNr4rU_1
73jzhE8R1TQ_19
f9O3YtZ2VfI_2
v0zCBqDeKcE_2
Nzq88NnDkEk_6
_dI--eQ6qVU_17
2WGyTLYerpo_23
ZUXBRvtny7o_33
Jkswaaud0hk_2
Nzq88NnDkEk_14
OtBXNcAL_lE_21
W8NXH0Djyww_21
OtBXNcAL_lE_9
X3j2zQgwYgE_10
2iD-tVS8NPw_14
tmZoasNr4rU_3
Ci-AH39fi3Y_27
aiEXnCPZubE_5
f9O3YtZ2VfI_9
jUzDDGyPkXU_10
OtBXNcAL_lE_18
rnaNMUZpvvg_1
c5xsKMxpXnc_2
2WGyTLYerpo_19
Clx4VXItLTE_24
cW1FSBF59ik_1
k5Y_838nuGo_16
k5Y_838nuGo_13
d6hH302o4v8_27
G6GlGvlkxAQ_29
BioHAh1qJAQ_18
Iu2PFX3z_1s_2
POKffnXeBds_7
I5y0__X72p0_4
rnaNMUZpvvg_14
VbQk4H8hgr0_5
cW1FSBF59ik_14
Ci-AH39fi3Y_39
8d-gEyoeBzc_28
VbQk4H8hgr0_8
VbQk4H8hgr0_17
OQvJTdtJ2H4_15
6_0THN4chvY_7
phBUpBr1hSo_10
Af8D0E4ZXaw_13
G6GlGvlkxAQ_25
BvYR0L6f2Ig_9
X3j2zQgwYgE_6
Jkswaaud0hk_13
vvZ4IcEtiZc_3
1iG0909rllw_18
dq3Nf_lMPnE_4
Qr1Ca94K55A_7
6Egk_28TtTM_11
f9O3YtZ2VfI_8
G6GlGvlkxAQ_4
Clx4VXItLTE_15
aiEXnCPZubE_23
IumbAb8q2dM_17
BioHAh1qJAQ_26
IumbAb8q2dM_4
PZ-lDQFboO8_12
QN9ZIUWUXsY_11
c7UH_rxdZv4_14
fvVhgmXxadc_3
bvLlb-M3UXU_18
iiK8YX8oH1E_5
wMbj6ajWbic_9
ZUXBRvtny7o_29
k5Y_838nuGo_24
W8NXH0Djyww_10
8OtFthrtaJM_7
Oz06ZWiO20M_8
BioHAh1qJAQ_29
Vj1wYRQjB-o_8
BXuRRbG0Ugk_23
2WGyTLYerpo_31
8qrpnFRGt2A_24
Oz06ZWiO20M_9
c7UH_rxdZv4_32
I5y0__X72p0_30
VCslbP0mgZI_17
VbQk4H8hgr0_6
dq3Nf_lMPnE_11
VbQk4H8hgr0_45
aiEXnCPZubE_14
MLal-t_vJPM_17
f_pcplsH_V0_2
fvVhgmXxadc_11
VCslbP0mgZI_6
IumbAb8q2dM_20
73jzhE8R1TQ_8
Sqr0AcuoNnk_5
tIrG4oNLFzE_17
Ci-AH39fi3Y_19
W8NXH0Djyww_24
9qR7uwkblbs_13
9qR7uwkblbs_30
k5Y_838nuGo_26
f9O3YtZ2VfI_3
Ci-AH39fi3Y_31
VbQk4H8hgr0_52
73jzhE8R1TQ_4
pLTX3ipuDJI_5
Jkswaaud0hk_16
ZUXBRvtny7o_25
9qR7uwkblbs_2
yvsjCA6Y5Fc_3
d6hH302o4v8_2
BI97DNYfe5I_15
Af8D0E4ZXaw_25
OtBXNcAL_lE_4
BvYR0L6f2Ig_21
PZ-lDQFboO8_7
yvsjCA6Y5Fc_2
yvsjCA6Y5Fc_12
nbWiPyCm4g0_3
PZ-lDQFboO8_6
f9O3YtZ2VfI_10
8OtFthrtaJM_10
QN9ZIUWUXsY_5
tmZoasNr4rU_13
LSi-o-IrDMs_13
aiEXnCPZubE_30
1iG0909rllw_24
I5y0__X72p0_38
ZUXBRvtny7o_5
2WGyTLYerpo_18
VbQk4H8hgr0_22
WKA5OygbEKI_13
k5Y_838nuGo_28
I5y0__X72p0_19
nzpVDcQ0ywM_2
ZUXBRvtny7o_12
HEsqda8_d0Q_31
wMbj6ajWbic_26
lXPQBPVc5Cw_28
8OtFthrtaJM_14
7JsX8y1ysxY_5
TvyZBvOMOTc_14
Nzq88NnDkEk_7
bOL9jKpeJRs_10
X3j2zQgwYgE_2
ZUXBRvtny7o_15
HEsqda8_d0Q_24
Qr1Ca94K55A_4
d3_k5Xpfmik_11
cM3Yna7AavY_10
d6hH302o4v8_35
BioHAh1qJAQ_23
QN9ZIUWUXsY_6
BioHAh1qJAQ_11
7JsX8y1ysxY_34
9c67fiY0wGQ_4
c7UH_rxdZv4_20
lXPQBPVc5Cw_10
LSi-o-IrDMs_29
aiEXnCPZubE_1
Clx4VXItLTE_10
zhpQhgha_KU_34
5W7Z1C_fDaE_8
1iG0909rllw_16
OQvJTdtJ2H4_1
ZAIRrfG22O0_9
6_0THN4chvY_9
dq3Nf_lMPnE_3
ZUXBRvtny7o_27
Iu2PFX3z_1s_3
iiK8YX8oH1E_13
MLal-t_vJPM_14
9T9Hf74oK10_15
6_0THN4chvY_5
Vj1wYRQjB-o_7
Ci-AH39fi3Y_41
Nzq88NnDkEk_31
2WGyTLYerpo_29
pLTX3ipuDJI_9
I5y0__X72p0_24
rnaNMUZpvvg_11
Ci-AH39fi3Y_34
cXypl4FnoZo_21
VbQk4H8hgr0_40
Vj1wYRQjB-o_5
LSi-o-IrDMs_10
yvsjCA6Y5Fc_5
I5y0__X72p0_6
7JsX8y1ysxY_15
nzpVDcQ0ywM_22
1iG0909rllw_19
BioHAh1qJAQ_4
2WGyTLYerpo_41
OQvJTdtJ2H4_4
_dI--eQ6qVU_8
atnd_PF-Lbs_16
1iG0909rllw_11
jUzDDGyPkXU_6
8d-gEyoeBzc_30
VbQk4H8hgr0_54
I5y0__X72p0_32
BI97DNYfe5I_29
c5xsKMxpXnc_14
cXypl4FnoZo_10
rnaNMUZpvvg_3
Clx4VXItLTE_18
zhpQhgha_KU_15
zhpQhgha_KU_20
6Egk_28TtTM_12
X3j2zQgwYgE_4
Oz06ZWiO20M_16
I5y0__X72p0_29
HEsqda8_d0Q_16
bvLlb-M3UXU_11
nbWiPyCm4g0_1
9J25DZhivz8_21
BXuRRbG0Ugk_24
fvVhgmXxadc_12
yvsjCA6Y5Fc_19
W8NXH0Djyww_4
yvsjCA6Y5Fc_23
aiEXnCPZubE_3
9qR7uwkblbs_16
PZ-lDQFboO8_4
6Egk_28TtTM_10
MLal-t_vJPM_1
Dg_0XKD0Mf4_5
cW1FSBF59ik_20
yvsjCA6Y5Fc_7
6_0THN4chvY_6
Dg_0XKD0Mf4_2
GWuJjcEuzt8_11
I5y0__X72p0_22
2WGyTLYerpo_21
Dg_0XKD0Mf4_14
tStelxIAHjw_11
VbQk4H8hgr0_19
Ci-AH39fi3Y_32
fvVhgmXxadc_5
G6GlGvlkxAQ_8
nzpVDcQ0ywM_8
tStelxIAHjw_7
OQvJTdtJ2H4_9
2WGyTLYerpo_20
6Egk_28TtTM_4
cW1FSBF59ik_10
BvYR0L6f2Ig_3
jUzDDGyPkXU_23
Iu2PFX3z_1s_10
QN9ZIUWUXsY_17
2WGyTLYerpo_9
cM3Yna7AavY_16
lXPQBPVc5Cw_21
OtBXNcAL_lE_5
Nzq88NnDkEk_12
8d-gEyoeBzc_4
X3j2zQgwYgE_5
Nzq88NnDkEk_1
1iG0909rllw_29
HEsqda8_d0Q_1
c5xsKMxpXnc_9
6Egk_28TtTM_8
_dI--eQ6qVU_1
MLal-t_vJPM_18
yDtzw_Y-7RU_2
Iu2PFX3z_1s_8
ZUXBRvtny7o_18
d6hH302o4v8_9
LSi-o-IrDMs_9
Nzq88NnDkEk_26
7JsX8y1ysxY_14
wMbj6ajWbic_29
yvsjCA6Y5Fc_13
d3_k5Xpfmik_3
bvLlb-M3UXU_25
Njd1F0vZSm4_5
wMbj6ajWbic_19
I5y0__X72p0_36
ZUXBRvtny7o_13
iiK8YX8oH1E_8
8OtFthrtaJM_23
bvLlb-M3UXU_2
c7UH_rxdZv4_30
ZAIRrfG22O0_5
Clx4VXItLTE_2
W8NXH0Djyww_16
QN9ZIUWUXsY_8
Iu2PFX3z_1s_12
yvsjCA6Y5Fc_10
2WGyTLYerpo_58
cXypl4FnoZo_6
8d-gEyoeBzc_12
yDtzw_Y-7RU_21
Af8D0E4ZXaw_18
vyB00TXsimI_4
cXypl4FnoZo_13
bvLlb-M3UXU_10
Bfr499ggo-0_15
Nzq88NnDkEk_21
Ci-AH39fi3Y_21
Ci-AH39fi3Y_11
Clx4VXItLTE_7
POKffnXeBds_2
1DmNV9C1hbY_4
2WGyTLYerpo_13
Sqr0AcuoNnk_11
fvVhgmXxadc_14
wMbj6ajWbic_20
fvVhgmXxadc_1
G-xst2euQUc_13
Qr1Ca94K55A_5
HEsqda8_d0Q_34
8d-gEyoeBzc_19
c7UH_rxdZv4_15
bvLlb-M3UXU_8
cW1FSBF59ik_13
I5y0__X72p0_27
HEsqda8_d0Q_25
yDtzw_Y-7RU_18
6_0THN4chvY_14
ZAIRrfG22O0_6
atnd_PF-Lbs_10
Sqr0AcuoNnk_4
zhpQhgha_KU_16
8d-gEyoeBzc_1
bvLlb-M3UXU_16
Nzq88NnDkEk_32
73jzhE8R1TQ_11
zhpQhgha_KU_10
d6hH302o4v8_24
BioHAh1qJAQ_10
jUzDDGyPkXU_5
G-xst2euQUc_16
1iG0909rllw_7
Clx4VXItLTE_8
Njd1F0vZSm4_2
tStelxIAHjw_16
tmZoasNr4rU_18
HEsqda8_d0Q_26
cXypl4FnoZo_15
1iG0909rllw_17
Nzq88NnDkEk_10
c7UH_rxdZv4_23
d6hH302o4v8_20
ob23OKe5a9Q_6
vyB00TXsimI_9
Iu2PFX3z_1s_6
HEsqda8_d0Q_8
bvLlb-M3UXU_1
Clx4VXItLTE_9
c5xsKMxpXnc_11
2WGyTLYerpo_1
Dg_0XKD0Mf4_9
zhpQhgha_KU_12
f_pcplsH_V0_10
Ci-AH39fi3Y_35
W8NXH0Djyww_18
0h-zjBukYpk_4
9T9Hf74oK10_19
lXPQBPVc5Cw_1
cW1FSBF59ik_8
1DmNV9C1hbY_3
VbQk4H8hgr0_23
5W7Z1C_fDaE_9
2iD-tVS8NPw_29
W8NXH0Djyww_20
2iD-tVS8NPw_18
2WGyTLYerpo_63
9T9Hf74oK10_18
k5Y_838nuGo_21
tIrG4oNLFzE_4
6_0THN4chvY_3
MLal-t_vJPM_7
Nzq88NnDkEk_11
aiEXnCPZubE_22
LSi-o-IrDMs_12
G-xst2euQUc_11
tmZoasNr4rU_4
Ci-AH39fi3Y_2
8OtFthrtaJM_21
BioHAh1qJAQ_25
nzpVDcQ0ywM_3
WKA5OygbEKI_15
wMbj6ajWbic_10
1iG0909rllw_21
c7UH_rxdZv4_5
BI97DNYfe5I_5
MLal-t_vJPM_16
_dI--eQ6qVU_5
I5y0__X72p0_34
ZUXBRvtny7o_9
1DmNV9C1hbY_12
8qrpnFRGt2A_14
QN9ZIUWUXsY_1
9J25DZhivz8_8
HEsqda8_d0Q_30
BI97DNYfe5I_27
QN9ZIUWUXsY_9
X3j2zQgwYgE_7
VbQk4H8hgr0_31
cW1FSBF59ik_24
rnaNMUZpvvg_20
k5Y_838nuGo_4
atnd_PF-Lbs_2
Af8D0E4ZXaw_7
lXPQBPVc5Cw_22
f9O3YtZ2VfI_29
OQvJTdtJ2H4_3
G6GlGvlkxAQ_23
73jzhE8R1TQ_7
d6hH302o4v8_11
W8NXH0Djyww_7
bOL9jKpeJRs_4
IumbAb8q2dM_12
VbQk4H8hgr0_7
9J25DZhivz8_2
8OtFthrtaJM_5
BXuRRbG0Ugk_27
G6GlGvlkxAQ_10
Sqr0AcuoNnk_15
Bfr499ggo-0_4
TvyZBvOMOTc_13
VbQk4H8hgr0_37
WKA5OygbEKI_9
tmZoasNr4rU_10
Oz06ZWiO20M_17
pLTX3ipuDJI_14
QN9ZIUWUXsY_12
PZ-lDQFboO8_3
cXypl4FnoZo_25
v0zCBqDeKcE_1
9qR7uwkblbs_12
5W7Z1C_fDaE_24
VbQk4H8hgr0_25
2WGyTLYerpo_49
8d-gEyoeBzc_5
lXPQBPVc5Cw_7
Ci-AH39fi3Y_7
bOL9jKpeJRs_1
nbWiPyCm4g0_2
Bfr499ggo-0_20
cXypl4FnoZo_16
TvyZBvOMOTc_9
2iD-tVS8NPw_28
bOL9jKpeJRs_23
BI97DNYfe5I_30
c7UH_rxdZv4_6
atnd_PF-Lbs_17
VbQk4H8hgr0_26
lXPQBPVc5Cw_24
Af8D0E4ZXaw_21
bOL9jKpeJRs_30
9J25DZhivz8_16
G6GlGvlkxAQ_9
c5xsKMxpXnc_13
ob23OKe5a9Q_12
03bSnISJMiM_4
rnaNMUZpvvg_2
zhpQhgha_KU_25
6_0THN4chvY_1
2iD-tVS8NPw_30
VbQk4H8hgr0_29
9J25DZhivz8_3
HEsqda8_d0Q_3
atnd_PF-Lbs_3
bvLlb-M3UXU_20
yvsjCA6Y5Fc_20
I5y0__X72p0_23
9T9Hf74oK10_20
rnaNMUZpvvg_22
WKA5OygbEKI_20
8d-gEyoeBzc_20
TvyZBvOMOTc_2
ZUXBRvtny7o_7
VCslbP0mgZI_7
yvsjCA6Y5Fc_18
Dg_0XKD0Mf4_17
Jkswaaud0hk_6
9qR7uwkblbs_33
cXypl4FnoZo_8
lXPQBPVc5Cw_4
f9O3YtZ2VfI_28
tStelxIAHjw_2
Af8D0E4ZXaw_20
BioHAh1qJAQ_6
Af8D0E4ZXaw_17
aiEXnCPZubE_26
phBUpBr1hSo_2
atnd_PF-Lbs_18
k5Y_838nuGo_30
VbQk4H8hgr0_38
ob23OKe5a9Q_11
aiEXnCPZubE_6
I5y0__X72p0_39
cXypl4FnoZo_29
9qR7uwkblbs_24
aiEXnCPZubE_28
k5Y_838nuGo_18
5W7Z1C_fDaE_12
G-xst2euQUc_8
1iG0909rllw_14
W8NXH0Djyww_15
pLTX3ipuDJI_16
ob23OKe5a9Q_2
8d-gEyoeBzc_8
Af8D0E4ZXaw_10
cW1FSBF59ik_5
BXuRRbG0Ugk_11
vyB00TXsimI_20
cXypl4FnoZo_9
jUzDDGyPkXU_20
vyB00TXsimI_15
73jzhE8R1TQ_2
OQvJTdtJ2H4_13
8OtFthrtaJM_2
yDtzw_Y-7RU_3
k5Y_838nuGo_6
2iD-tVS8NPw_9
VbQk4H8hgr0_15
vyB00TXsimI_13
Nzq88NnDkEk_25
2WGyTLYerpo_25
tmZoasNr4rU_16
2WGyTLYerpo_62
Nzq88NnDkEk_2
OQvJTdtJ2H4_11
Oz06ZWiO20M_3
9qR7uwkblbs_19
c7UH_rxdZv4_31
WKA5OygbEKI_8
bOL9jKpeJRs_12
Ci-AH39fi3Y_43
d3_k5Xpfmik_2
W8NXH0Djyww_6
OtBXNcAL_lE_1
yDtzw_Y-7RU_19
8qrpnFRGt2A_11
8qrpnFRGt2A_4
8qrpnFRGt2A_22
Nzq88NnDkEk_19
vyB00TXsimI_22
lXPQBPVc5Cw_30
2iD-tVS8NPw_17
G-xst2euQUc_3
OQvJTdtJ2H4_14
VbQk4H8hgr0_16
Ci-AH39fi3Y_23
2WGyTLYerpo_54
yDtzw_Y-7RU_5
yvsjCA6Y5Fc_1
Oz06ZWiO20M_2
d3_k5Xpfmik_6
7JsX8y1ysxY_37
Af8D0E4ZXaw_14
8d-gEyoeBzc_23
OtBXNcAL_lE_2
d6hH302o4v8_32
I5y0__X72p0_14
1DmNV9C1hbY_10
VbQk4H8hgr0_1
jUzDDGyPkXU_15
f_pcplsH_V0_3
cW1FSBF59ik_7
8qrpnFRGt2A_8
BvYR0L6f2Ig_14
8d-gEyoeBzc_29
8d-gEyoeBzc_6
jUzDDGyPkXU_26
Clx4VXItLTE_23
cM3Yna7AavY_12
8qrpnFRGt2A_15
8d-gEyoeBzc_18
9J25DZhivz8_23
9c67fiY0wGQ_10
5W7Z1C_fDaE_13
BioHAh1qJAQ_9
iiK8YX8oH1E_6
73jzhE8R1TQ_12
pLTX3ipuDJI_6
2iD-tVS8NPw_15
BI97DNYfe5I_2
1iG0909rllw_28
G-xst2euQUc_12
cM3Yna7AavY_7
2WGyTLYerpo_46
pLTX3ipuDJI_15
tStelxIAHjw_14
2WGyTLYerpo_8
G-xst2euQUc_10
Njd1F0vZSm4_7
wMbj6ajWbic_15
wMbj6ajWbic_4
7JsX8y1ysxY_9
9qR7uwkblbs_7
OtBXNcAL_lE_20
_dI--eQ6qVU_3
Njd1F0vZSm4_6
MLal-t_vJPM_12
ZUXBRvtny7o_21
nzpVDcQ0ywM_13
2WGyTLYerpo_50
Ci-AH39fi3Y_40
Af8D0E4ZXaw_27
I5y0__X72p0_9
lXPQBPVc5Cw_20
d6hH302o4v8_37
OtBXNcAL_lE_24
GWuJjcEuzt8_16
BvYR0L6f2Ig_25
2iD-tVS8NPw_10
Oz06ZWiO20M_5
2WGyTLYerpo_56
BioHAh1qJAQ_19
W8NXH0Djyww_23
nbWiPyCm4g0_4
rnaNMUZpvvg_8
Dg_0XKD0Mf4_15
aiEXnCPZubE_10
BvYR0L6f2Ig_20
5W7Z1C_fDaE_14
VbQk4H8hgr0_13
f_pcplsH_V0_14
yDtzw_Y-7RU_9
Sqr0AcuoNnk_8
BI97DNYfe5I_10
W8NXH0Djyww_2
_dI--eQ6qVU_11
IumbAb8q2dM_1
I5y0__X72p0_10
5W7Z1C_fDaE_5
iiK8YX8oH1E_12
2iD-tVS8NPw_6
BioHAh1qJAQ_14
nzpVDcQ0ywM_1
cW1FSBF59ik_9
yDtzw_Y-7RU_15
rnaNMUZpvvg_9
c7UH_rxdZv4_22
HEsqda8_d0Q_15
8OtFthrtaJM_6
1iG0909rllw_27
iiK8YX8oH1E_11
cW1FSBF59ik_3
9qR7uwkblbs_17
k5Y_838nuGo_20
Nzq88NnDkEk_28
Ci-AH39fi3Y_15
BI97DNYfe5I_9
9T9Hf74oK10_11
8qrpnFRGt2A_1
G6GlGvlkxAQ_2
7JsX8y1ysxY_38
OtBXNcAL_lE_15
tmZoasNr4rU_9
rnaNMUZpvvg_10
Ci-AH39fi3Y_38
WKA5OygbEKI_16
9qR7uwkblbs_32
VCslbP0mgZI_16
OQvJTdtJ2H4_2
dq3Nf_lMPnE_10
tStelxIAHjw_8
I5y0__X72p0_18
IumbAb8q2dM_6
vyB00TXsimI_12
BioHAh1qJAQ_16
vyB00TXsimI_19
Bfr499ggo-0_18
BXuRRbG0Ugk_3
BXuRRbG0Ugk_2
etzxEpPuc6I_1
9qR7uwkblbs_25
aiEXnCPZubE_29
2WGyTLYerpo_27
c5xsKMxpXnc_15
dq3Nf_lMPnE_12
POKffnXeBds_8
cXypl4FnoZo_1
9c67fiY0wGQ_11
atnd_PF-Lbs_9
nzpVDcQ0ywM_21
Qr1Ca94K55A_1
73jzhE8R1TQ_18
wMbj6ajWbic_30
_dI--eQ6qVU_23
HEsqda8_d0Q_17
HEsqda8_d0Q_20
zhpQhgha_KU_32
VbQk4H8hgr0_46
tIrG4oNLFzE_6
LSi-o-IrDMs_2
k5Y_838nuGo_5
OtBXNcAL_lE_19
aiEXnCPZubE_2
vyB00TXsimI_3
c5xsKMxpXnc_7
atnd_PF-Lbs_13
k5Y_838nuGo_19
9c67fiY0wGQ_7
cXypl4FnoZo_14
c7UH_rxdZv4_25
5W7Z1C_fDaE_15
lXPQBPVc5Cw_6
0h-zjBukYpk_21
Ci-AH39fi3Y_26
6_0THN4chvY_2
0h-zjBukYpk_25
bvLlb-M3UXU_12
c7UH_rxdZv4_10
d6hH302o4v8_7
7JsX8y1ysxY_23
5W7Z1C_fDaE_22
Iu2PFX3z_1s_1
Af8D0E4ZXaw_11
9c67fiY0wGQ_5
phBUpBr1hSo_5
zhpQhgha_KU_3
POKffnXeBds_6
vvZ4IcEtiZc_6
d3_k5Xpfmik_18
Nzq88NnDkEk_17
nzpVDcQ0ywM_24
Ci-AH39fi3Y_3
v0zCBqDeKcE_14
yDtzw_Y-7RU_8
2WGyTLYerpo_12
2WGyTLYerpo_14
BioHAh1qJAQ_3
BioHAh1qJAQ_22
tmZoasNr4rU_17
Clx4VXItLTE_26
aiEXnCPZubE_21
vyB00TXsimI_16
iiK8YX8oH1E_10
etzxEpPuc6I_18
Njd1F0vZSm4_4
lXPQBPVc5Cw_3
6_0THN4chvY_13
zhpQhgha_KU_17
IumbAb8q2dM_21
tIrG4oNLFzE_15
tStelxIAHjw_13
MLal-t_vJPM_10
k5Y_838nuGo_10
8qrpnFRGt2A_21
Nzq88NnDkEk_20
Bfr499ggo-0_22
_dI--eQ6qVU_26
Dg_0XKD0Mf4_3
I5y0__X72p0_37
dq3Nf_lMPnE_7
f9O3YtZ2VfI_6
9T9Hf74oK10_6
OtBXNcAL_lE_11
zhpQhgha_KU_31
G-xst2euQUc_17
bOL9jKpeJRs_33
Nzq88NnDkEk_18
cW1FSBF59ik_12
Ci-AH39fi3Y_4
aiEXnCPZubE_27
8OtFthrtaJM_20
7JsX8y1ysxY_10
BvYR0L6f2Ig_4
vyB00TXsimI_7
I5y0__X72p0_1
VbQk4H8hgr0_9
8OtFthrtaJM_18
tIrG4oNLFzE_13
9qR7uwkblbs_23
2WGyTLYerpo_28
k5Y_838nuGo_9
VbQk4H8hgr0_4
9J25DZhivz8_22
etzxEpPuc6I_2
2iD-tVS8NPw_1
03bSnISJMiM_2
9J25DZhivz8_19
OtBXNcAL_lE_14
Nzq88NnDkEk_8
vvZ4IcEtiZc_9
6_0THN4chvY_12
ZUXBRvtny7o_32
WKA5OygbEKI_14
6Egk_28TtTM_9
VbQk4H8hgr0_55
2iD-tVS8NPw_3
Iu2PFX3z_1s_14
lXPQBPVc5Cw_17
_dI--eQ6qVU_27
Dg_0XKD0Mf4_11
lXPQBPVc5Cw_29
cXypl4FnoZo_28
Njd1F0vZSm4_12
cXypl4FnoZo_23
pLTX3ipuDJI_11
2iD-tVS8NPw_22
zhpQhgha_KU_6
Sqr0AcuoNnk_12
nzpVDcQ0ywM_11
_dI--eQ6qVU_20
2WGyTLYerpo_5
7JsX8y1ysxY_13
Oz06ZWiO20M_20
f9O3YtZ2VfI_16
2WGyTLYerpo_24
c7UH_rxdZv4_17
G6GlGvlkxAQ_24
I5y0__X72p0_21
1iG0909rllw_1
Bfr499ggo-0_6
9J25DZhivz8_24
8d-gEyoeBzc_2
lXPQBPVc5Cw_9
9qR7uwkblbs_8
Sqr0AcuoNnk_1
bOL9jKpeJRs_34
d6hH302o4v8_16
2WGyTLYerpo_34
LSi-o-IrDMs_18
1iG0909rllw_2
QN9ZIUWUXsY_15
9c67fiY0wGQ_12
Ci-AH39fi3Y_13
9c67fiY0wGQ_3
k5Y_838nuGo_2
9T9Hf74oK10_10
5W7Z1C_fDaE_11
k5Y_838nuGo_8
9J25DZhivz8_20
bOL9jKpeJRs_28
9c67fiY0wGQ_6
ZUXBRvtny7o_34
9J25DZhivz8_7
9T9Hf74oK10_5
zhpQhgha_KU_28
9qR7uwkblbs_14
1iG0909rllw_30
k5Y_838nuGo_11
Sqr0AcuoNnk_13
fvVhgmXxadc_13
2WGyTLYerpo_35
LSi-o-IrDMs_11
MLal-t_vJPM_4
Ci-AH39fi3Y_18
8qrpnFRGt2A_23
vyB00TXsimI_11
Dg_0XKD0Mf4_18
aiEXnCPZubE_20
03bSnISJMiM_8
dq3Nf_lMPnE_13
7JsX8y1ysxY_2
9J25DZhivz8_25
cXypl4FnoZo_11
tIrG4oNLFzE_2
wMbj6ajWbic_25
03bSnISJMiM_11
03bSnISJMiM_12
6Egk_28TtTM_3
9T9Hf74oK10_9
yvsjCA6Y5Fc_11
0h-zjBukYpk_5
bOL9jKpeJRs_29
cW1FSBF59ik_11
aiEXnCPZubE_11
c7UH_rxdZv4_19
zhpQhgha_KU_7
f_pcplsH_V0_7
BXuRRbG0Ugk_30
wMbj6ajWbic_17
2WGyTLYerpo_32
OtBXNcAL_lE_6
LSi-o-IrDMs_4
jUzDDGyPkXU_22
WKA5OygbEKI_17
PZ-lDQFboO8_8
GWuJjcEuzt8_5
9T9Hf74oK10_21
yDtzw_Y-7RU_6
d6hH302o4v8_41
tmZoasNr4rU_15
ZAIRrfG22O0_7
BXuRRbG0Ugk_25
cW1FSBF59ik_16
POKffnXeBds_11
VbQk4H8hgr0_51
lXPQBPVc5Cw_13
8d-gEyoeBzc_21
8d-gEyoeBzc_9
Ci-AH39fi3Y_9
wMbj6ajWbic_13
tmZoasNr4rU_12
Njd1F0vZSm4_10
VbQk4H8hgr0_48
LSi-o-IrDMs_14
atnd_PF-Lbs_11
f_pcplsH_V0_5
f9O3YtZ2VfI_4
tStelxIAHjw_9
HEsqda8_d0Q_21
BI97DNYfe5I_12
phBUpBr1hSo_12
Qr1Ca94K55A_6
zhpQhgha_KU_30
c7UH_rxdZv4_4
HEsqda8_d0Q_18
_dI--eQ6qVU_13
1iG0909rllw_15
f9O3YtZ2VfI_18
atnd_PF-Lbs_6
f9O3YtZ2VfI_5
tmZoasNr4rU_14
2iD-tVS8NPw_13
2iD-tVS8NPw_19
VbQk4H8hgr0_35
yvsjCA6Y5Fc_14
d6hH302o4v8_40
Jkswaaud0hk_12
f9O3YtZ2VfI_15
jUzDDGyPkXU_25
VCslbP0mgZI_4
Nzq88NnDkEk_30
zhpQhgha_KU_19
Iu2PFX3z_1s_15
Af8D0E4ZXaw_31
QN9ZIUWUXsY_2
d6hH302o4v8_1
Iu2PFX3z_1s_5
WKA5OygbEKI_22
Vj1wYRQjB-o_9
03bSnISJMiM_9
0h-zjBukYpk_12
nzpVDcQ0ywM_7
ZAIRrfG22O0_2
ZUXBRvtny7o_24
IumbAb8q2dM_19
Sqr0AcuoNnk_10
6Egk_28TtTM_5
HEsqda8_d0Q_9
PZ-lDQFboO8_2
Clx4VXItLTE_5
f_pcplsH_V0_11
bOL9jKpeJRs_32
BI97DNYfe5I_21
Dg_0XKD0Mf4_8
OQvJTdtJ2H4_6
LSi-o-IrDMs_7
aiEXnCPZubE_17
Sqr0AcuoNnk_22
BvYR0L6f2Ig_5
Jkswaaud0hk_19
PZ-lDQFboO8_9
d6hH302o4v8_39
d6hH302o4v8_21
IumbAb8q2dM_7
8d-gEyoeBzc_26
Clx4VXItLTE_11
8qrpnFRGt2A_17
yDtzw_Y-7RU_12
7JsX8y1ysxY_1
WKA5OygbEKI_7
etzxEpPuc6I_17
8OtFthrtaJM_12
jUzDDGyPkXU_9
VbQk4H8hgr0_34
vvZ4IcEtiZc_4
2WGyTLYerpo_17
Bfr499ggo-0_1
c7UH_rxdZv4_21
Bfr499ggo-0_5
ZUXBRvtny7o_8
G-xst2euQUc_21
nzpVDcQ0ywM_15
cM3Yna7AavY_14
VCslbP0mgZI_10
pLTX3ipuDJI_8
Af8D0E4ZXaw_29
d6hH302o4v8_26
I5y0__X72p0_25
v0zCBqDeKcE_4
Qr1Ca94K55A_12
iiK8YX8oH1E_4
GWuJjcEuzt8_2
VbQk4H8hgr0_14
6_0THN4chvY_4
6Egk_28TtTM_6
Jkswaaud0hk_18
8qrpnFRGt2A_26
_dI--eQ6qVU_22
tStelxIAHjw_12
lXPQBPVc5Cw_19
GWuJjcEuzt8_14
GWuJjcEuzt8_13
nzpVDcQ0ywM_5
Ci-AH39fi3Y_8
VbQk4H8hgr0_49
BI97DNYfe5I_16
phBUpBr1hSo_19
HEsqda8_d0Q_22
7JsX8y1ysxY_33
WKA5OygbEKI_1
tmZoasNr4rU_7
nzpVDcQ0ywM_23
Bfr499ggo-0_17
9qR7uwkblbs_27
k5Y_838nuGo_31
c7UH_rxdZv4_29
Iu2PFX3z_1s_7
c5xsKMxpXnc_1
Iu2PFX3z_1s_13
8qrpnFRGt2A_7
Oz06ZWiO20M_18
OtBXNcAL_lE_16
2WGyTLYerpo_7
Af8D0E4ZXaw_23
ZAIRrfG22O0_3
yDtzw_Y-7RU_4
BvYR0L6f2Ig_16
bOL9jKpeJRs_5
Sqr0AcuoNnk_21
cXypl4FnoZo_5
BI97DNYfe5I_8
W8NXH0Djyww_31
cXypl4FnoZo_2
tStelxIAHjw_6
IumbAb8q2dM_3
etzxEpPuc6I_16
1iG0909rllw_23
k5Y_838nuGo_14
Clx4VXItLTE_19
Jkswaaud0hk_5
VbQk4H8hgr0_3
G-xst2euQUc_4
G6GlGvlkxAQ_15
cM3Yna7AavY_11
jUzDDGyPkXU_16
cW1FSBF59ik_21
nzpVDcQ0ywM_9
_dI--eQ6qVU_7
BioHAh1qJAQ_7
BXuRRbG0Ugk_14
IumbAb8q2dM_10
nzpVDcQ0ywM_19
9J25DZhivz8_4
BXuRRbG0Ugk_10
ZUXBRvtny7o_26
k5Y_838nuGo_7
2iD-tVS8NPw_26
Ci-AH39fi3Y_29
8qrpnFRGt2A_18
MLal-t_vJPM_13
0h-zjBukYpk_14
2iD-tVS8NPw_24
2iD-tVS8NPw_16
TvyZBvOMOTc_15
VbQk4H8hgr0_50
LSi-o-IrDMs_3
9qR7uwkblbs_29
ZUXBRvtny7o_19
Iu2PFX3z_1s_11
cXypl4FnoZo_17
cW1FSBF59ik_17
Clx4VXItLTE_25
I5y0__X72p0_5
jUzDDGyPkXU_4
G6GlGvlkxAQ_3
VbQk4H8hgr0_28
jUzDDGyPkXU_7
_dI--eQ6qVU_24
IumbAb8q2dM_8
Ci-AH39fi3Y_17
vyB00TXsimI_21
OQvJTdtJ2H4_16
c5xsKMxpXnc_8
BvYR0L6f2Ig_6
W8NXH0Djyww_13
wMbj6ajWbic_24
bOL9jKpeJRs_26
5W7Z1C_fDaE_10
8OtFthrtaJM_4
POKffnXeBds_5
vvZ4IcEtiZc_8
BioHAh1qJAQ_17
pLTX3ipuDJI_2
QN9ZIUWUXsY_14
d6hH302o4v8_6
cXypl4FnoZo_19
W8NXH0Djyww_29
fvVhgmXxadc_7
7JsX8y1ysxY_26
7JsX8y1ysxY_25
W8NXH0Djyww_27
73jzhE8R1TQ_10
QN9ZIUWUXsY_16
1DmNV9C1hbY_8
ZUXBRvtny7o_22
G6GlGvlkxAQ_7
rnaNMUZpvvg_12
phBUpBr1hSo_4
BI97DNYfe5I_18
nzpVDcQ0ywM_16
9J25DZhivz8_10
BvYR0L6f2Ig_15
MLal-t_vJPM_15
tmZoasNr4rU_8
ZUXBRvtny7o_3
HEsqda8_d0Q_28
IumbAb8q2dM_16
dq3Nf_lMPnE_1
7JsX8y1ysxY_20
BI97DNYfe5I_7
8d-gEyoeBzc_22
2WGyTLYerpo_33
rnaNMUZpvvg_5
Bfr499ggo-0_12
Ci-AH39fi3Y_16
d3_k5Xpfmik_17
cM3Yna7AavY_15
VCslbP0mgZI_12
jUzDDGyPkXU_2
1iG0909rllw_12
7JsX8y1ysxY_19
cW1FSBF59ik_4
WKA5OygbEKI_11
yvsjCA6Y5Fc_4
2iD-tVS8NPw_21
OtBXNcAL_lE_12
f9O3YtZ2VfI_23
2WGyTLYerpo_11
Clx4VXItLTE_22
BXuRRbG0Ugk_4
VbQk4H8hgr0_21
cW1FSBF59ik_22
2iD-tVS8NPw_7
2WGyTLYerpo_6
phBUpBr1hSo_9
f_pcplsH_V0_13
9qR7uwkblbs_28
f_pcplsH_V0_6
iiK8YX8oH1E_2
yvsjCA6Y5Fc_15
bOL9jKpeJRs_9
wMbj6ajWbic_16
BioHAh1qJAQ_21
wMbj6ajWbic_2
9c67fiY0wGQ_8
BXuRRbG0Ugk_12
Af8D0E4ZXaw_24
BioHAh1qJAQ_13
TvyZBvOMOTc_7
wMbj6ajWbic_1
ZUXBRvtny7o_10
0h-zjBukYpk_13
atnd_PF-Lbs_7
G-xst2euQUc_6
LSi-o-IrDMs_25
BI97DNYfe5I_11
bOL9jKpeJRs_13
jUzDDGyPkXU_12
BXuRRbG0Ugk_6
2WGyTLYerpo_10
lXPQBPVc5Cw_2
tmZoasNr4rU_5
Af8D0E4ZXaw_8
cW1FSBF59ik_15
VbQk4H8hgr0_30
iiK8YX8oH1E_16
I5y0__X72p0_31
2WGyTLYerpo_61
Clx4VXItLTE_17
Dg_0XKD0Mf4_6
OtBXNcAL_lE_23
2WGyTLYerpo_39
VbQk4H8hgr0_36
9T9Hf74oK10_1
2iD-tVS8NPw_27
POKffnXeBds_4
9J25DZhivz8_6
f_pcplsH_V0_15
tIrG4oNLFzE_11
ob23OKe5a9Q_8
TvyZBvOMOTc_1
G6GlGvlkxAQ_6
G6GlGvlkxAQ_17
etzxEpPuc6I_7
phBUpBr1hSo_1
cXypl4FnoZo_7
VCslbP0mgZI_9
d6hH302o4v8_17
f9O3YtZ2VfI_21
TvyZBvOMOTc_10
6Egk_28TtTM_2
fvVhgmXxadc_2
9T9Hf74oK10_4
9J25DZhivz8_15
Dg_0XKD0Mf4_10
8OtFthrtaJM_13
WKA5OygbEKI_5
X3j2zQgwYgE_9
WKA5OygbEKI_2
7JsX8y1ysxY_39
W8NXH0Djyww_26
0h-zjBukYpk_3
etzxEpPuc6I_19
f_pcplsH_V0_12
03bSnISJMiM_5
yvsjCA6Y5Fc_9
Oz06ZWiO20M_23
Bfr499ggo-0_13
k5Y_838nuGo_29
7JsX8y1ysxY_22
nzpVDcQ0ywM_12
d6hH302o4v8_19
2iD-tVS8NPw_23
9T9Hf74oK10_7
BI97DNYfe5I_4
HEsqda8_d0Q_23
Bfr499ggo-0_2
zhpQhgha_KU_35
v0zCBqDeKcE_6
W8NXH0Djyww_19
Ci-AH39fi3Y_20
Oz06ZWiO20M_12
9T9Hf74oK10_23
bOL9jKpeJRs_14
tmZoasNr4rU_6
1DmNV9C1hbY_5
LSi-o-IrDMs_16
BvYR0L6f2Ig_22
1DmNV9C1hbY_1
c7UH_rxdZv4_24
BvYR0L6f2Ig_8
fvVhgmXxadc_9
TvyZBvOMOTc_11
2iD-tVS8NPw_4
vyB00TXsimI_1
1iG0909rllw_9
nzpVDcQ0ywM_14
I5y0__X72p0_16
tIrG4oNLFzE_1
bOL9jKpeJRs_27
bOL9jKpeJRs_11
8qrpnFRGt2A_20
OtBXNcAL_lE_22
8qrpnFRGt2A_5
tIrG4oNLFzE_9
W8NXH0Djyww_9
Bfr499ggo-0_9
ob23OKe5a9Q_1
Sqr0AcuoNnk_14
f9O3YtZ2VfI_13
cW1FSBF59ik_2
BI97DNYfe5I_28
yvsjCA6Y5Fc_17
dq3Nf_lMPnE_2
_dI--eQ6qVU_25
9qR7uwkblbs_10
9qR7uwkblbs_21
BXuRRbG0Ugk_5
Clx4VXItLTE_28
VbQk4H8hgr0_39
G-xst2euQUc_2
v0zCBqDeKcE_9
tIrG4oNLFzE_10
etzxEpPuc6I_15
9T9Hf74oK10_24
Clx4VXItLTE_14
LSi-o-IrDMs_8
BvYR0L6f2Ig_18
7JsX8y1ysxY_30
HEsqda8_d0Q_5
1DmNV9C1hbY_6
MLal-t_vJPM_2
rnaNMUZpvvg_15
GWuJjcEuzt8_15
d6hH302o4v8_8
5W7Z1C_fDaE_23
zhpQhgha_KU_2
W8NXH0Djyww_12
iiK8YX8oH1E_15
d3_k5Xpfmik_1
Clx4VXItLTE_3
BioHAh1qJAQ_27
Jkswaaud0hk_15
BI97DNYfe5I_17
9qR7uwkblbs_9
bOL9jKpeJRs_3
rnaNMUZpvvg_16
Qr1Ca94K55A_13
73jzhE8R1TQ_6
2WGyTLYerpo_60
tIrG4oNLFzE_16
6Egk_28TtTM_1
Af8D0E4ZXaw_6
VbQk4H8hgr0_2
ob23OKe5a9Q_13
tStelxIAHjw_3
BXuRRbG0Ugk_31
aiEXnCPZubE_18
Nzq88NnDkEk_9
yvsjCA6Y5Fc_16
bOL9jKpeJRs_22
1DmNV9C1hbY_2
f9O3YtZ2VfI_22
bOL9jKpeJRs_31
Iu2PFX3z_1s_4
yvsjCA6Y5Fc_8
f_pcplsH_V0_9
2WGyTLYerpo_37
d6hH302o4v8_29
lXPQBPVc5Cw_26
OtBXNcAL_lE_3
d6hH302o4v8_43
9J25DZhivz8_11
MLal-t_vJPM_5
nbWiPyCm4g0_7
W8NXH0Djyww_22
73jzhE8R1TQ_1
phBUpBr1hSo_7
aiEXnCPZubE_25
ZUXBRvtny7o_2
8qrpnFRGt2A_9
Bfr499ggo-0_8
OtBXNcAL_lE_17
7JsX8y1ysxY_29
aiEXnCPZubE_4
zhpQhgha_KU_13
8qrpnFRGt2A_16
_dI--eQ6qVU_28
LSi-o-IrDMs_20
jUzDDGyPkXU_3
vyB00TXsimI_10
tStelxIAHjw_5
vvZ4IcEtiZc_2
c7UH_rxdZv4_8
7JsX8y1ysxY_7
Oz06ZWiO20M_13
c5xsKMxpXnc_10
phBUpBr1hSo_6
f9O3YtZ2VfI_1
zhpQhgha_KU_24
BvYR0L6f2Ig_26
vyB00TXsimI_18
Oz06ZWiO20M_14
1DmNV9C1hbY_7
W8NXH0Djyww_32
f9O3YtZ2VfI_24
1iG0909rllw_10
Oz06ZWiO20M_4
7JsX8y1ysxY_6
OQvJTdtJ2H4_10
k5Y_838nuGo_25
rnaNMUZpvvg_6
Jkswaaud0hk_7
yDtzw_Y-7RU_11
W8NXH0Djyww_5
QN9ZIUWUXsY_3
I5y0__X72p0_28
2WGyTLYerpo_42
2WGyTLYerpo_57
2WGyTLYerpo_52
yDtzw_Y-7RU_13
v0zCBqDeKcE_15
IumbAb8q2dM_9
v0zCBqDeKcE_13
9qR7uwkblbs_15
dq3Nf_lMPnE_8
_dI--eQ6qVU_9
zhpQhgha_KU_22
WKA5OygbEKI_6
bvLlb-M3UXU_24
POKffnXeBds_1
iiK8YX8oH1E_14
G6GlGvlkxAQ_21
9J25DZhivz8_18
Ci-AH39fi3Y_36
yDtzw_Y-7RU_23
cM3Yna7AavY_2
9qR7uwkblbs_31
d3_k5Xpfmik_13
5W7Z1C_fDaE_4
PZ-lDQFboO8_11
bvLlb-M3UXU_14
9T9Hf74oK10_2
2WGyTLYerpo_16
Nzq88NnDkEk_3
bvLlb-M3UXU_23
2WGyTLYerpo_59
VbQk4H8hgr0_33
Vj1wYRQjB-o_2
ZUXBRvtny7o_16
Oz06ZWiO20M_11
73jzhE8R1TQ_5
1DmNV9C1hbY_14
yDtzw_Y-7RU_22
Clx4VXItLTE_6
PZ-lDQFboO8_1
2iD-tVS8NPw_11
8OtFthrtaJM_8
VbQk4H8hgr0_24
zhpQhgha_KU_23
Nzq88NnDkEk_27
dq3Nf_lMPnE_5
I5y0__X72p0_17
8OtFthrtaJM_17
0h-zjBukYpk_9
f9O3YtZ2VfI_12
d3_k5Xpfmik_19
ZAIRrfG22O0_1
f9O3YtZ2VfI_30
8qrpnFRGt2A_3
c7UH_rxdZv4_33
Nzq88NnDkEk_24
_dI--eQ6qVU_4
_dI--eQ6qVU_6
G6GlGvlkxAQ_12
X3j2zQgwYgE_8
BXuRRbG0Ugk_17
aiEXnCPZubE_24
G6GlGvlkxAQ_19
BioHAh1qJAQ_1
WKA5OygbEKI_3
7JsX8y1ysxY_21
VbQk4H8hgr0_32
phBUpBr1hSo_17
9qR7uwkblbs_20
tmZoasNr4rU_19
9J25DZhivz8_17
f9O3YtZ2VfI_7
03bSnISJMiM_7
G-xst2euQUc_9
etzxEpPuc6I_14
phBUpBr1hSo_15
jUzDDGyPkXU_27
Nzq88NnDkEk_16
GWuJjcEuzt8_3
lXPQBPVc5Cw_23
Jkswaaud0hk_1
9T9Hf74oK10_16
bOL9jKpeJRs_20
IumbAb8q2dM_22
2WGyTLYerpo_22
Clx4VXItLTE_4
Sqr0AcuoNnk_3
9T9Hf74oK10_22
wMbj6ajWbic_3
rnaNMUZpvvg_21
Ci-AH39fi3Y_37
BI97DNYfe5I_23
8d-gEyoeBzc_13
cW1FSBF59ik_19
Clx4VXItLTE_27
Bfr499ggo-0_3
d3_k5Xpfmik_7
G6GlGvlkxAQ_1
Ci-AH39fi3Y_44
Ci-AH39fi3Y_1
rnaNMUZpvvg_19
Oz06ZWiO20M_6
IumbAb8q2dM_13
ob23OKe5a9Q_7
LSi-o-IrDMs_15
IumbAb8q2dM_14
zhpQhgha_KU_9
Af8D0E4ZXaw_9
8qrpnFRGt2A_2
bOL9jKpeJRs_19
etzxEpPuc6I_12
7JsX8y1ysxY_24
VbQk4H8hgr0_41
dq3Nf_lMPnE_9
1iG0909rllw_20
zhpQhgha_KU_11
VbQk4H8hgr0_44
BvYR0L6f2Ig_1
Af8D0E4ZXaw_12
f9O3YtZ2VfI_20
rnaNMUZpvvg_18
03bSnISJMiM_3
Ci-AH39fi3Y_22
vyB00TXsimI_2
etzxEpPuc6I_3
Ci-AH39fi3Y_25
I5y0__X72p0_13
GWuJjcEuzt8_4
d6hH302o4v8_12
Oz06ZWiO20M_19
G-xst2euQUc_1
iiK8YX8oH1E_3
phBUpBr1hSo_18
yDtzw_Y-7RU_14
8d-gEyoeBzc_24
2WGyTLYerpo_40
0h-zjBukYpk_1
ob23OKe5a9Q_5
c7UH_rxdZv4_26
BI97DNYfe5I_25
cXypl4FnoZo_12
vvZ4IcEtiZc_1
ZAIRrfG22O0_4
bOL9jKpeJRs_17
BioHAh1qJAQ_30
f9O3YtZ2VfI_19
rnaNMUZpvvg_7
QN9ZIUWUXsY_18
iiK8YX8oH1E_1
WKA5OygbEKI_18
I5y0__X72p0_8
BXuRRbG0Ugk_9
5W7Z1C_fDaE_7
Jkswaaud0hk_3
zhpQhgha_KU_29
zhpQhgha_KU_27
c7UH_rxdZv4_2
Jkswaaud0hk_10
atnd_PF-Lbs_5
ZUXBRvtny7o_20
jUzDDGyPkXU_13
G-xst2euQUc_5
f9O3YtZ2VfI_25
bOL9jKpeJRs_25
GWuJjcEuzt8_7
BioHAh1qJAQ_28
c7UH_rxdZv4_11
d3_k5Xpfmik_8
G6GlGvlkxAQ_16
ZUXBRvtny7o_17
G6GlGvlkxAQ_11
d6hH302o4v8_13
d6hH302o4v8_34
zhpQhgha_KU_33
cXypl4FnoZo_18
bvLlb-M3UXU_22
VbQk4H8hgr0_42
5W7Z1C_fDaE_6
Af8D0E4ZXaw_2
wMbj6ajWbic_28
cM3Yna7AavY_13
LSi-o-IrDMs_26
LSi-o-IrDMs_28
c5xsKMxpXnc_3
jUzDDGyPkXU_8
03bSnISJMiM_10
G6GlGvlkxAQ_5
Sqr0AcuoNnk_17
zhpQhgha_KU_5
lXPQBPVc5Cw_15
f9O3YtZ2VfI_11
Oz06ZWiO20M_7
0h-zjBukYpk_22
d3_k5Xpfmik_14
pLTX3ipuDJI_12
I5y0__X72p0_7
HEsqda8_d0Q_10
GWuJjcEuzt8_12
tStelxIAHjw_15
1iG0909rllw_22
GWuJjcEuzt8_6
wMbj6ajWbic_11
ZAIRrfG22O0_8
cW1FSBF59ik_23
BI97DNYfe5I_14
BI97DNYfe5I_26
VCslbP0mgZI_1
phBUpBr1hSo_21
d3_k5Xpfmik_5
0h-zjBukYpk_6
Njd1F0vZSm4_13
yDtzw_Y-7RU_17
cXypl4FnoZo_20
f9O3YtZ2VfI_27
9T9Hf74oK10_17
VCslbP0mgZI_11
8d-gEyoeBzc_11
BI97DNYfe5I_3
POKffnXeBds_12
zhpQhgha_KU_21
Bfr499ggo-0_21
d6hH302o4v8_33
0h-zjBukYpk_8
BI97DNYfe5I_24
G6GlGvlkxAQ_22
Clx4VXItLTE_31
7JsX8y1ysxY_12
8d-gEyoeBzc_14
bvLlb-M3UXU_13
d6hH302o4v8_25
yDtzw_Y-7RU_24
pLTX3ipuDJI_4
BXuRRbG0Ugk_28
BvYR0L6f2Ig_2
HEsqda8_d0Q_4
atnd_PF-Lbs_4
yvsjCA6Y5Fc_22
Nzq88NnDkEk_29
zhpQhgha_KU_8
Oz06ZWiO20M_22
jUzDDGyPkXU_21
2WGyTLYerpo_2
HEsqda8_d0Q_27
PZ-lDQFboO8_10
HEsqda8_d0Q_33
WKA5OygbEKI_12